  Array.cpp
  BinaryHeap.cpp
BinaryHeap.cpp(76): warning C4309: '=': truncation of constant value
BinaryHeap.cpp(77): warning C4309: '=': truncation of constant value
BinaryHeap.cpp(78): warning C4309: '=': truncation of constant value
  BinarySearchTree.cpp
BinarySearchTree.cpp(138): warning C4244: '=': conversion from 'double' to 'int', possible loss of data
BinarySearchTree.cpp(166): warning C4309: '=': truncation of constant value
BinarySearchTree.cpp(167): warning C4309: '=': truncation of constant value
BinarySearchTree.cpp(168): warning C4309: '=': truncation of constant value
  DoublyLinkedList.cpp
  main.cpp
  Test.cpp
  Timer.cpp
  UI.cpp
  Generating code
  All 297 functions were compiled because no usable IPDB/IOBJ from previous compilation was found.
  Finished generating code
  SDiZO1.vcxproj -> D:\SDiZO1\x64\Release\SDiZO1.exe
  SDiZO1.vcxproj -> D:\SDiZO1\x64\Release\SDiZO1.pdb (Full PDB)
